<?xml version="1.0" encoding="UTF-8"?>
<testsuite name="kata.supermarket.ItemByUnitTest" tests="2" skipped="0" failures="0" errors="0" timestamp="2022-07-15T09:39:12" hostname="SBGMLS8D3DG8WN" time="0.001">
  <properties/>
  <testcase name="noDiscountWhenFirstItem()" classname="kata.supermarket.ItemByUnitTest" time="0.0"/>
  <testcase name="priceAfterDiscountShouldCreateItemWithGivenPriceAfterDiscount()" classname="kata.supermarket.ItemByUnitTest" time="0.0"/>
  <system-out><![CDATA[]]></system-out>
  <system-err><![CDATA[]]></system-err>
</testsuite>
