<?xml version="1.0" encoding="UTF-8"?>
<testsuite name="kata.supermarket.BOGOFTest" tests="4" skipped="0" failures="0" errors="0" timestamp="2022-07-15T09:39:12" hostname="SBGMLS8D3DG8WN" time="0.03">
  <properties/>
  <testcase name="shouldNotGiveDiscountForOneItem()" classname="kata.supermarket.BOGOFTest" time="0.026"/>
  <testcase name="buyOneGetOneFreeShouldApplyOnlyToProductsWithGivenProductCode()" classname="kata.supermarket.BOGOFTest" time="0.001"/>
  <testcase name="shouldOnlyGetBuyOneGetOneFreeWhenProductCodesAreSame()" classname="kata.supermarket.BOGOFTest" time="0.001"/>
  <testcase name="shouldGiveOneProductFreeWhenTwoBought()" classname="kata.supermarket.BOGOFTest" time="0.0"/>
  <system-out><![CDATA[]]></system-out>
  <system-err><![CDATA[]]></system-err>
</testsuite>
